D:\GAMEHACK\BASE & TOOLS\BASE\VS2010\XFILESHACK\DEBUG\XFILESHACK.EXE
D:\GameHack\Base & Tools\Base\VS2010\XFilesHack\Debug\XFilesHack.ilk
D:\GameHack\Base & Tools\Base\VS2010\XFilesHack\Debug\XFilesHack.pdb
D:\GAMEHACK\BASE & TOOLS\BASE\VS2010\XFILESHACK\XFILESHACK\DEBUG\.NETFRAMEWORK,VERSION=V4.0.ASSEMBLYATTRIBUTES.OBJ
D:\GAMEHACK\BASE & TOOLS\BASE\VS2010\XFILESHACK\XFILESHACK\DEBUG\APP.RES
D:\GAMEHACK\BASE & TOOLS\BASE\VS2010\XFILESHACK\XFILESHACK\DEBUG\ASSEMBLYINFO.OBJ
D:\GameHack\Base & Tools\Base\VS2010\XFilesHack\XFilesHack\Debug\cl.command.1.tlog
D:\GameHack\Base & Tools\Base\VS2010\XFilesHack\XFilesHack\Debug\CL.read.1.tlog
D:\GameHack\Base & Tools\Base\VS2010\XFilesHack\XFilesHack\Debug\CL.write.1.tlog
D:\GameHack\Base & Tools\Base\VS2010\XFilesHack\XFilesHack\Debug\GenerateResource.read.1.tlog
D:\GameHack\Base & Tools\Base\VS2010\XFilesHack\XFilesHack\Debug\GenerateResource.read.125.tlog
D:\GameHack\Base & Tools\Base\VS2010\XFilesHack\XFilesHack\Debug\GenerateResource.read.141.tlog
D:\GameHack\Base & Tools\Base\VS2010\XFilesHack\XFilesHack\Debug\GenerateResource.read.147.tlog
D:\GameHack\Base & Tools\Base\VS2010\XFilesHack\XFilesHack\Debug\GenerateResource.read.158.tlog
D:\GameHack\Base & Tools\Base\VS2010\XFilesHack\XFilesHack\Debug\GenerateResource.read.166.tlog
D:\GameHack\Base & Tools\Base\VS2010\XFilesHack\XFilesHack\Debug\GenerateResource.read.173.tlog
D:\GameHack\Base & Tools\Base\VS2010\XFilesHack\XFilesHack\Debug\GenerateResource.read.178.tlog
D:\GameHack\Base & Tools\Base\VS2010\XFilesHack\XFilesHack\Debug\GenerateResource.read.182.tlog
D:\GameHack\Base & Tools\Base\VS2010\XFilesHack\XFilesHack\Debug\GenerateResource.read.187.tlog
D:\GameHack\Base & Tools\Base\VS2010\XFilesHack\XFilesHack\Debug\GenerateResource.read.194.tlog
D:\GameHack\Base & Tools\Base\VS2010\XFilesHack\XFilesHack\Debug\GenerateResource.read.203.tlog
D:\GameHack\Base & Tools\Base\VS2010\XFilesHack\XFilesHack\Debug\GenerateResource.read.21.tlog
D:\GameHack\Base & Tools\Base\VS2010\XFilesHack\XFilesHack\Debug\GenerateResource.read.212.tlog
D:\GameHack\Base & Tools\Base\VS2010\XFilesHack\XFilesHack\Debug\GenerateResource.read.229.tlog
D:\GameHack\Base & Tools\Base\VS2010\XFilesHack\XFilesHack\Debug\GenerateResource.read.253.tlog
D:\GameHack\Base & Tools\Base\VS2010\XFilesHack\XFilesHack\Debug\GenerateResource.read.280.tlog
D:\GameHack\Base & Tools\Base\VS2010\XFilesHack\XFilesHack\Debug\GenerateResource.read.319.tlog
D:\GameHack\Base & Tools\Base\VS2010\XFilesHack\XFilesHack\Debug\GenerateResource.read.37.tlog
D:\GameHack\Base & Tools\Base\VS2010\XFilesHack\XFilesHack\Debug\GenerateResource.read.378.tlog
D:\GameHack\Base & Tools\Base\VS2010\XFilesHack\XFilesHack\Debug\GenerateResource.read.403.tlog
D:\GameHack\Base & Tools\Base\VS2010\XFilesHack\XFilesHack\Debug\GenerateResource.read.47.tlog
D:\GameHack\Base & Tools\Base\VS2010\XFilesHack\XFilesHack\Debug\GenerateResource.read.480.tlog
D:\GameHack\Base & Tools\Base\VS2010\XFilesHack\XFilesHack\Debug\GenerateResource.read.530.tlog
D:\GameHack\Base & Tools\Base\VS2010\XFilesHack\XFilesHack\Debug\GenerateResource.read.59.tlog
D:\GameHack\Base & Tools\Base\VS2010\XFilesHack\XFilesHack\Debug\GenerateResource.read.9.tlog
D:\GameHack\Base & Tools\Base\VS2010\XFilesHack\XFilesHack\Debug\GenerateResource.write.1.tlog
D:\GameHack\Base & Tools\Base\VS2010\XFilesHack\XFilesHack\Debug\GenerateResource.write.125.tlog
D:\GameHack\Base & Tools\Base\VS2010\XFilesHack\XFilesHack\Debug\GenerateResource.write.141.tlog
D:\GameHack\Base & Tools\Base\VS2010\XFilesHack\XFilesHack\Debug\GenerateResource.write.147.tlog
D:\GameHack\Base & Tools\Base\VS2010\XFilesHack\XFilesHack\Debug\GenerateResource.write.158.tlog
D:\GameHack\Base & Tools\Base\VS2010\XFilesHack\XFilesHack\Debug\GenerateResource.write.166.tlog
D:\GameHack\Base & Tools\Base\VS2010\XFilesHack\XFilesHack\Debug\GenerateResource.write.173.tlog
D:\GameHack\Base & Tools\Base\VS2010\XFilesHack\XFilesHack\Debug\GenerateResource.write.178.tlog
D:\GameHack\Base & Tools\Base\VS2010\XFilesHack\XFilesHack\Debug\GenerateResource.write.182.tlog
D:\GameHack\Base & Tools\Base\VS2010\XFilesHack\XFilesHack\Debug\GenerateResource.write.187.tlog
D:\GameHack\Base & Tools\Base\VS2010\XFilesHack\XFilesHack\Debug\GenerateResource.write.194.tlog
D:\GameHack\Base & Tools\Base\VS2010\XFilesHack\XFilesHack\Debug\GenerateResource.write.203.tlog
D:\GameHack\Base & Tools\Base\VS2010\XFilesHack\XFilesHack\Debug\GenerateResource.write.21.tlog
D:\GameHack\Base & Tools\Base\VS2010\XFilesHack\XFilesHack\Debug\GenerateResource.write.212.tlog
D:\GameHack\Base & Tools\Base\VS2010\XFilesHack\XFilesHack\Debug\GenerateResource.write.229.tlog
D:\GameHack\Base & Tools\Base\VS2010\XFilesHack\XFilesHack\Debug\GenerateResource.write.253.tlog
D:\GameHack\Base & Tools\Base\VS2010\XFilesHack\XFilesHack\Debug\GenerateResource.write.280.tlog
D:\GameHack\Base & Tools\Base\VS2010\XFilesHack\XFilesHack\Debug\GenerateResource.write.319.tlog
D:\GameHack\Base & Tools\Base\VS2010\XFilesHack\XFilesHack\Debug\GenerateResource.write.37.tlog
D:\GameHack\Base & Tools\Base\VS2010\XFilesHack\XFilesHack\Debug\GenerateResource.write.378.tlog
D:\GameHack\Base & Tools\Base\VS2010\XFilesHack\XFilesHack\Debug\GenerateResource.write.403.tlog
D:\GameHack\Base & Tools\Base\VS2010\XFilesHack\XFilesHack\Debug\GenerateResource.write.47.tlog
D:\GameHack\Base & Tools\Base\VS2010\XFilesHack\XFilesHack\Debug\GenerateResource.write.480.tlog
D:\GameHack\Base & Tools\Base\VS2010\XFilesHack\XFilesHack\Debug\GenerateResource.write.530.tlog
D:\GameHack\Base & Tools\Base\VS2010\XFilesHack\XFilesHack\Debug\GenerateResource.write.59.tlog
D:\GameHack\Base & Tools\Base\VS2010\XFilesHack\XFilesHack\Debug\GenerateResource.write.9.tlog
D:\GAMEHACK\BASE & TOOLS\BASE\VS2010\XFILESHACK\XFILESHACK\DEBUG\INIREADER.OBJ
D:\GAMEHACK\BASE & TOOLS\BASE\VS2010\XFILESHACK\XFILESHACK\DEBUG\INIWRITER.OBJ
D:\GameHack\Base & Tools\Base\VS2010\XFilesHack\XFilesHack\Debug\link.10304.read.1.tlog
D:\GameHack\Base & Tools\Base\VS2010\XFilesHack\XFilesHack\Debug\link.10304.write.1.tlog
D:\GameHack\Base & Tools\Base\VS2010\XFilesHack\XFilesHack\Debug\link.10304-cvtres.read.1.tlog
D:\GameHack\Base & Tools\Base\VS2010\XFilesHack\XFilesHack\Debug\link.10304-cvtres.write.1.tlog
D:\GameHack\Base & Tools\Base\VS2010\XFilesHack\XFilesHack\Debug\link.10508.read.1.tlog
D:\GameHack\Base & Tools\Base\VS2010\XFilesHack\XFilesHack\Debug\link.10508.write.1.tlog
D:\GameHack\Base & Tools\Base\VS2010\XFilesHack\XFilesHack\Debug\link.10508-cvtres.read.1.tlog
D:\GameHack\Base & Tools\Base\VS2010\XFilesHack\XFilesHack\Debug\link.10508-cvtres.write.1.tlog
D:\GameHack\Base & Tools\Base\VS2010\XFilesHack\XFilesHack\Debug\link.11220.read.1.tlog
D:\GameHack\Base & Tools\Base\VS2010\XFilesHack\XFilesHack\Debug\link.11220.write.1.tlog
D:\GameHack\Base & Tools\Base\VS2010\XFilesHack\XFilesHack\Debug\link.1204.read.1.tlog
D:\GameHack\Base & Tools\Base\VS2010\XFilesHack\XFilesHack\Debug\link.1204.write.1.tlog
D:\GameHack\Base & Tools\Base\VS2010\XFilesHack\XFilesHack\Debug\link.1204-cvtres.read.1.tlog
D:\GameHack\Base & Tools\Base\VS2010\XFilesHack\XFilesHack\Debug\link.1204-cvtres.write.1.tlog
D:\GameHack\Base & Tools\Base\VS2010\XFilesHack\XFilesHack\Debug\link.1424.read.1.tlog
D:\GameHack\Base & Tools\Base\VS2010\XFilesHack\XFilesHack\Debug\link.1424.write.1.tlog
D:\GameHack\Base & Tools\Base\VS2010\XFilesHack\XFilesHack\Debug\link.1424-cvtres.read.1.tlog
D:\GameHack\Base & Tools\Base\VS2010\XFilesHack\XFilesHack\Debug\link.1424-cvtres.write.1.tlog
D:\GameHack\Base & Tools\Base\VS2010\XFilesHack\XFilesHack\Debug\link.168.read.1.tlog
D:\GameHack\Base & Tools\Base\VS2010\XFilesHack\XFilesHack\Debug\link.168.write.1.tlog
D:\GameHack\Base & Tools\Base\VS2010\XFilesHack\XFilesHack\Debug\link.168-cvtres.read.1.tlog
D:\GameHack\Base & Tools\Base\VS2010\XFilesHack\XFilesHack\Debug\link.168-cvtres.write.1.tlog
D:\GameHack\Base & Tools\Base\VS2010\XFilesHack\XFilesHack\Debug\link.1740.read.1.tlog
D:\GameHack\Base & Tools\Base\VS2010\XFilesHack\XFilesHack\Debug\link.1740.write.1.tlog
D:\GameHack\Base & Tools\Base\VS2010\XFilesHack\XFilesHack\Debug\link.1740-cvtres.read.1.tlog
D:\GameHack\Base & Tools\Base\VS2010\XFilesHack\XFilesHack\Debug\link.1740-cvtres.write.1.tlog
D:\GameHack\Base & Tools\Base\VS2010\XFilesHack\XFilesHack\Debug\link.200.read.1.tlog
D:\GameHack\Base & Tools\Base\VS2010\XFilesHack\XFilesHack\Debug\link.200.write.1.tlog
D:\GameHack\Base & Tools\Base\VS2010\XFilesHack\XFilesHack\Debug\link.200-cvtres.read.1.tlog
D:\GameHack\Base & Tools\Base\VS2010\XFilesHack\XFilesHack\Debug\link.200-cvtres.write.1.tlog
D:\GameHack\Base & Tools\Base\VS2010\XFilesHack\XFilesHack\Debug\link.3004.read.1.tlog
D:\GameHack\Base & Tools\Base\VS2010\XFilesHack\XFilesHack\Debug\link.3004.write.1.tlog
D:\GameHack\Base & Tools\Base\VS2010\XFilesHack\XFilesHack\Debug\link.3004-cvtres.read.1.tlog
D:\GameHack\Base & Tools\Base\VS2010\XFilesHack\XFilesHack\Debug\link.3004-cvtres.write.1.tlog
D:\GameHack\Base & Tools\Base\VS2010\XFilesHack\XFilesHack\Debug\link.352.read.1.tlog
D:\GameHack\Base & Tools\Base\VS2010\XFilesHack\XFilesHack\Debug\link.352.write.1.tlog
D:\GameHack\Base & Tools\Base\VS2010\XFilesHack\XFilesHack\Debug\link.352-cvtres.read.1.tlog
D:\GameHack\Base & Tools\Base\VS2010\XFilesHack\XFilesHack\Debug\link.352-cvtres.write.1.tlog
D:\GameHack\Base & Tools\Base\VS2010\XFilesHack\XFilesHack\Debug\link.3548.read.1.tlog
D:\GameHack\Base & Tools\Base\VS2010\XFilesHack\XFilesHack\Debug\link.3548.write.1.tlog
D:\GameHack\Base & Tools\Base\VS2010\XFilesHack\XFilesHack\Debug\link.3548-cvtres.read.1.tlog
D:\GameHack\Base & Tools\Base\VS2010\XFilesHack\XFilesHack\Debug\link.3548-cvtres.write.1.tlog
D:\GameHack\Base & Tools\Base\VS2010\XFilesHack\XFilesHack\Debug\link.3664.read.1.tlog
D:\GameHack\Base & Tools\Base\VS2010\XFilesHack\XFilesHack\Debug\link.3664.write.1.tlog
D:\GameHack\Base & Tools\Base\VS2010\XFilesHack\XFilesHack\Debug\link.3664-cvtres.read.1.tlog
D:\GameHack\Base & Tools\Base\VS2010\XFilesHack\XFilesHack\Debug\link.3664-cvtres.write.1.tlog
D:\GameHack\Base & Tools\Base\VS2010\XFilesHack\XFilesHack\Debug\link.3688.read.1.tlog
D:\GameHack\Base & Tools\Base\VS2010\XFilesHack\XFilesHack\Debug\link.3688.write.1.tlog
D:\GameHack\Base & Tools\Base\VS2010\XFilesHack\XFilesHack\Debug\link.3688-cvtres.read.1.tlog
D:\GameHack\Base & Tools\Base\VS2010\XFilesHack\XFilesHack\Debug\link.3688-cvtres.write.1.tlog
D:\GameHack\Base & Tools\Base\VS2010\XFilesHack\XFilesHack\Debug\link.3808.read.1.tlog
D:\GameHack\Base & Tools\Base\VS2010\XFilesHack\XFilesHack\Debug\link.3808.write.1.tlog
D:\GameHack\Base & Tools\Base\VS2010\XFilesHack\XFilesHack\Debug\link.3808-cvtres.read.1.tlog
D:\GameHack\Base & Tools\Base\VS2010\XFilesHack\XFilesHack\Debug\link.3808-cvtres.write.1.tlog
D:\GameHack\Base & Tools\Base\VS2010\XFilesHack\XFilesHack\Debug\link.3932.read.1.tlog
D:\GameHack\Base & Tools\Base\VS2010\XFilesHack\XFilesHack\Debug\link.3932.write.1.tlog
D:\GameHack\Base & Tools\Base\VS2010\XFilesHack\XFilesHack\Debug\link.3932-cvtres.read.1.tlog
D:\GameHack\Base & Tools\Base\VS2010\XFilesHack\XFilesHack\Debug\link.3932-cvtres.write.1.tlog
D:\GameHack\Base & Tools\Base\VS2010\XFilesHack\XFilesHack\Debug\link.3948.read.1.tlog
D:\GameHack\Base & Tools\Base\VS2010\XFilesHack\XFilesHack\Debug\link.3948.write.1.tlog
D:\GameHack\Base & Tools\Base\VS2010\XFilesHack\XFilesHack\Debug\link.3948-cvtres.read.1.tlog
D:\GameHack\Base & Tools\Base\VS2010\XFilesHack\XFilesHack\Debug\link.3948-cvtres.write.1.tlog
D:\GameHack\Base & Tools\Base\VS2010\XFilesHack\XFilesHack\Debug\link.3972.read.1.tlog
D:\GameHack\Base & Tools\Base\VS2010\XFilesHack\XFilesHack\Debug\link.3972.write.1.tlog
D:\GameHack\Base & Tools\Base\VS2010\XFilesHack\XFilesHack\Debug\link.3972-cvtres.read.1.tlog
D:\GameHack\Base & Tools\Base\VS2010\XFilesHack\XFilesHack\Debug\link.3972-cvtres.write.1.tlog
D:\GameHack\Base & Tools\Base\VS2010\XFilesHack\XFilesHack\Debug\link.4028.read.1.tlog
D:\GameHack\Base & Tools\Base\VS2010\XFilesHack\XFilesHack\Debug\link.4028.write.1.tlog
D:\GameHack\Base & Tools\Base\VS2010\XFilesHack\XFilesHack\Debug\link.4028-cvtres.read.1.tlog
D:\GameHack\Base & Tools\Base\VS2010\XFilesHack\XFilesHack\Debug\link.4028-cvtres.write.1.tlog
D:\GameHack\Base & Tools\Base\VS2010\XFilesHack\XFilesHack\Debug\link.4164.read.1.tlog
D:\GameHack\Base & Tools\Base\VS2010\XFilesHack\XFilesHack\Debug\link.4164.write.1.tlog
D:\GameHack\Base & Tools\Base\VS2010\XFilesHack\XFilesHack\Debug\link.4164-cvtres.read.1.tlog
D:\GameHack\Base & Tools\Base\VS2010\XFilesHack\XFilesHack\Debug\link.4164-cvtres.write.1.tlog
D:\GameHack\Base & Tools\Base\VS2010\XFilesHack\XFilesHack\Debug\link.4280.read.1.tlog
D:\GameHack\Base & Tools\Base\VS2010\XFilesHack\XFilesHack\Debug\link.4280.write.1.tlog
D:\GameHack\Base & Tools\Base\VS2010\XFilesHack\XFilesHack\Debug\link.4280-cvtres.read.1.tlog
D:\GameHack\Base & Tools\Base\VS2010\XFilesHack\XFilesHack\Debug\link.4280-cvtres.write.1.tlog
D:\GameHack\Base & Tools\Base\VS2010\XFilesHack\XFilesHack\Debug\link.4292.read.1.tlog
D:\GameHack\Base & Tools\Base\VS2010\XFilesHack\XFilesHack\Debug\link.4292.write.1.tlog
D:\GameHack\Base & Tools\Base\VS2010\XFilesHack\XFilesHack\Debug\link.4292-cvtres.read.1.tlog
D:\GameHack\Base & Tools\Base\VS2010\XFilesHack\XFilesHack\Debug\link.4292-cvtres.write.1.tlog
D:\GameHack\Base & Tools\Base\VS2010\XFilesHack\XFilesHack\Debug\link.4300.read.1.tlog
D:\GameHack\Base & Tools\Base\VS2010\XFilesHack\XFilesHack\Debug\link.4300.write.1.tlog
D:\GameHack\Base & Tools\Base\VS2010\XFilesHack\XFilesHack\Debug\link.4300-cvtres.read.1.tlog
D:\GameHack\Base & Tools\Base\VS2010\XFilesHack\XFilesHack\Debug\link.4300-cvtres.write.1.tlog
D:\GameHack\Base & Tools\Base\VS2010\XFilesHack\XFilesHack\Debug\link.464.read.1.tlog
D:\GameHack\Base & Tools\Base\VS2010\XFilesHack\XFilesHack\Debug\link.464.write.1.tlog
D:\GameHack\Base & Tools\Base\VS2010\XFilesHack\XFilesHack\Debug\link.464-cvtres.read.1.tlog
D:\GameHack\Base & Tools\Base\VS2010\XFilesHack\XFilesHack\Debug\link.464-cvtres.write.1.tlog
D:\GameHack\Base & Tools\Base\VS2010\XFilesHack\XFilesHack\Debug\link.4656.read.1.tlog
D:\GameHack\Base & Tools\Base\VS2010\XFilesHack\XFilesHack\Debug\link.4656.write.1.tlog
D:\GameHack\Base & Tools\Base\VS2010\XFilesHack\XFilesHack\Debug\link.4656-cvtres.read.1.tlog
D:\GameHack\Base & Tools\Base\VS2010\XFilesHack\XFilesHack\Debug\link.4656-cvtres.write.1.tlog
D:\GameHack\Base & Tools\Base\VS2010\XFilesHack\XFilesHack\Debug\link.4720.read.1.tlog
D:\GameHack\Base & Tools\Base\VS2010\XFilesHack\XFilesHack\Debug\link.4720.write.1.tlog
D:\GameHack\Base & Tools\Base\VS2010\XFilesHack\XFilesHack\Debug\link.4720-cvtres.read.1.tlog
D:\GameHack\Base & Tools\Base\VS2010\XFilesHack\XFilesHack\Debug\link.4720-cvtres.write.1.tlog
D:\GameHack\Base & Tools\Base\VS2010\XFilesHack\XFilesHack\Debug\link.476.read.1.tlog
D:\GameHack\Base & Tools\Base\VS2010\XFilesHack\XFilesHack\Debug\link.476.write.1.tlog
D:\GameHack\Base & Tools\Base\VS2010\XFilesHack\XFilesHack\Debug\link.476-cvtres.read.1.tlog
D:\GameHack\Base & Tools\Base\VS2010\XFilesHack\XFilesHack\Debug\link.476-cvtres.write.1.tlog
D:\GameHack\Base & Tools\Base\VS2010\XFilesHack\XFilesHack\Debug\link.4784.read.1.tlog
D:\GameHack\Base & Tools\Base\VS2010\XFilesHack\XFilesHack\Debug\link.4784.write.1.tlog
D:\GameHack\Base & Tools\Base\VS2010\XFilesHack\XFilesHack\Debug\link.4784-cvtres.read.1.tlog
D:\GameHack\Base & Tools\Base\VS2010\XFilesHack\XFilesHack\Debug\link.4784-cvtres.write.1.tlog
D:\GameHack\Base & Tools\Base\VS2010\XFilesHack\XFilesHack\Debug\link.4968.read.1.tlog
D:\GameHack\Base & Tools\Base\VS2010\XFilesHack\XFilesHack\Debug\link.4968.write.1.tlog
D:\GameHack\Base & Tools\Base\VS2010\XFilesHack\XFilesHack\Debug\link.4968-cvtres.read.1.tlog
D:\GameHack\Base & Tools\Base\VS2010\XFilesHack\XFilesHack\Debug\link.4968-cvtres.write.1.tlog
D:\GameHack\Base & Tools\Base\VS2010\XFilesHack\XFilesHack\Debug\link.4976.read.1.tlog
D:\GameHack\Base & Tools\Base\VS2010\XFilesHack\XFilesHack\Debug\link.4976.write.1.tlog
D:\GameHack\Base & Tools\Base\VS2010\XFilesHack\XFilesHack\Debug\link.4976-cvtres.read.1.tlog
D:\GameHack\Base & Tools\Base\VS2010\XFilesHack\XFilesHack\Debug\link.4976-cvtres.write.1.tlog
D:\GameHack\Base & Tools\Base\VS2010\XFilesHack\XFilesHack\Debug\link.5100.read.1.tlog
D:\GameHack\Base & Tools\Base\VS2010\XFilesHack\XFilesHack\Debug\link.5100.write.1.tlog
D:\GameHack\Base & Tools\Base\VS2010\XFilesHack\XFilesHack\Debug\link.5100-cvtres.read.1.tlog
D:\GameHack\Base & Tools\Base\VS2010\XFilesHack\XFilesHack\Debug\link.5100-cvtres.write.1.tlog
D:\GameHack\Base & Tools\Base\VS2010\XFilesHack\XFilesHack\Debug\link.5340.read.1.tlog
D:\GameHack\Base & Tools\Base\VS2010\XFilesHack\XFilesHack\Debug\link.5340.write.1.tlog
D:\GameHack\Base & Tools\Base\VS2010\XFilesHack\XFilesHack\Debug\link.5340-cvtres.read.1.tlog
D:\GameHack\Base & Tools\Base\VS2010\XFilesHack\XFilesHack\Debug\link.5340-cvtres.write.1.tlog
D:\GameHack\Base & Tools\Base\VS2010\XFilesHack\XFilesHack\Debug\link.5504.read.1.tlog
D:\GameHack\Base & Tools\Base\VS2010\XFilesHack\XFilesHack\Debug\link.5504.write.1.tlog
D:\GameHack\Base & Tools\Base\VS2010\XFilesHack\XFilesHack\Debug\link.5504-cvtres.read.1.tlog
D:\GameHack\Base & Tools\Base\VS2010\XFilesHack\XFilesHack\Debug\link.5504-cvtres.write.1.tlog
D:\GameHack\Base & Tools\Base\VS2010\XFilesHack\XFilesHack\Debug\link.5540.read.1.tlog
D:\GameHack\Base & Tools\Base\VS2010\XFilesHack\XFilesHack\Debug\link.5540.write.1.tlog
D:\GameHack\Base & Tools\Base\VS2010\XFilesHack\XFilesHack\Debug\link.5540-cvtres.read.1.tlog
D:\GameHack\Base & Tools\Base\VS2010\XFilesHack\XFilesHack\Debug\link.5540-cvtres.write.1.tlog
D:\GameHack\Base & Tools\Base\VS2010\XFilesHack\XFilesHack\Debug\link.5608.read.1.tlog
D:\GameHack\Base & Tools\Base\VS2010\XFilesHack\XFilesHack\Debug\link.5608.write.1.tlog
D:\GameHack\Base & Tools\Base\VS2010\XFilesHack\XFilesHack\Debug\link.5608-cvtres.read.1.tlog
D:\GameHack\Base & Tools\Base\VS2010\XFilesHack\XFilesHack\Debug\link.5608-cvtres.write.1.tlog
D:\GameHack\Base & Tools\Base\VS2010\XFilesHack\XFilesHack\Debug\link.5820.read.1.tlog
D:\GameHack\Base & Tools\Base\VS2010\XFilesHack\XFilesHack\Debug\link.5820.write.1.tlog
D:\GameHack\Base & Tools\Base\VS2010\XFilesHack\XFilesHack\Debug\link.5820-cvtres.read.1.tlog
D:\GameHack\Base & Tools\Base\VS2010\XFilesHack\XFilesHack\Debug\link.5820-cvtres.write.1.tlog
D:\GameHack\Base & Tools\Base\VS2010\XFilesHack\XFilesHack\Debug\link.5980.read.1.tlog
D:\GameHack\Base & Tools\Base\VS2010\XFilesHack\XFilesHack\Debug\link.5980.write.1.tlog
D:\GameHack\Base & Tools\Base\VS2010\XFilesHack\XFilesHack\Debug\link.5980-cvtres.read.1.tlog
D:\GameHack\Base & Tools\Base\VS2010\XFilesHack\XFilesHack\Debug\link.5980-cvtres.write.1.tlog
D:\GameHack\Base & Tools\Base\VS2010\XFilesHack\XFilesHack\Debug\link.5984.read.1.tlog
D:\GameHack\Base & Tools\Base\VS2010\XFilesHack\XFilesHack\Debug\link.5984.write.1.tlog
D:\GameHack\Base & Tools\Base\VS2010\XFilesHack\XFilesHack\Debug\link.5984-cvtres.read.1.tlog
D:\GameHack\Base & Tools\Base\VS2010\XFilesHack\XFilesHack\Debug\link.5984-cvtres.write.1.tlog
D:\GameHack\Base & Tools\Base\VS2010\XFilesHack\XFilesHack\Debug\link.6056.read.1.tlog
D:\GameHack\Base & Tools\Base\VS2010\XFilesHack\XFilesHack\Debug\link.6056.write.1.tlog
D:\GameHack\Base & Tools\Base\VS2010\XFilesHack\XFilesHack\Debug\link.6056-cvtres.read.1.tlog
D:\GameHack\Base & Tools\Base\VS2010\XFilesHack\XFilesHack\Debug\link.6056-cvtres.write.1.tlog
D:\GameHack\Base & Tools\Base\VS2010\XFilesHack\XFilesHack\Debug\link.6236.read.1.tlog
D:\GameHack\Base & Tools\Base\VS2010\XFilesHack\XFilesHack\Debug\link.6236.write.1.tlog
D:\GameHack\Base & Tools\Base\VS2010\XFilesHack\XFilesHack\Debug\link.6236-cvtres.read.1.tlog
D:\GameHack\Base & Tools\Base\VS2010\XFilesHack\XFilesHack\Debug\link.6236-cvtres.write.1.tlog
D:\GameHack\Base & Tools\Base\VS2010\XFilesHack\XFilesHack\Debug\link.6300.read.1.tlog
D:\GameHack\Base & Tools\Base\VS2010\XFilesHack\XFilesHack\Debug\link.6300.write.1.tlog
D:\GameHack\Base & Tools\Base\VS2010\XFilesHack\XFilesHack\Debug\link.6300-cvtres.read.1.tlog
D:\GameHack\Base & Tools\Base\VS2010\XFilesHack\XFilesHack\Debug\link.6300-cvtres.write.1.tlog
D:\GameHack\Base & Tools\Base\VS2010\XFilesHack\XFilesHack\Debug\link.6320.read.1.tlog
D:\GameHack\Base & Tools\Base\VS2010\XFilesHack\XFilesHack\Debug\link.6320.write.1.tlog
D:\GameHack\Base & Tools\Base\VS2010\XFilesHack\XFilesHack\Debug\link.6320-cvtres.read.1.tlog
D:\GameHack\Base & Tools\Base\VS2010\XFilesHack\XFilesHack\Debug\link.6320-cvtres.write.1.tlog
D:\GameHack\Base & Tools\Base\VS2010\XFilesHack\XFilesHack\Debug\link.6440.read.1.tlog
D:\GameHack\Base & Tools\Base\VS2010\XFilesHack\XFilesHack\Debug\link.6440.write.1.tlog
D:\GameHack\Base & Tools\Base\VS2010\XFilesHack\XFilesHack\Debug\link.6440-cvtres.read.1.tlog
D:\GameHack\Base & Tools\Base\VS2010\XFilesHack\XFilesHack\Debug\link.6440-cvtres.write.1.tlog
D:\GameHack\Base & Tools\Base\VS2010\XFilesHack\XFilesHack\Debug\link.6468.read.1.tlog
D:\GameHack\Base & Tools\Base\VS2010\XFilesHack\XFilesHack\Debug\link.6468.write.1.tlog
D:\GameHack\Base & Tools\Base\VS2010\XFilesHack\XFilesHack\Debug\link.6468-cvtres.read.1.tlog
D:\GameHack\Base & Tools\Base\VS2010\XFilesHack\XFilesHack\Debug\link.6468-cvtres.write.1.tlog
D:\GameHack\Base & Tools\Base\VS2010\XFilesHack\XFilesHack\Debug\link.6496.read.1.tlog
D:\GameHack\Base & Tools\Base\VS2010\XFilesHack\XFilesHack\Debug\link.6496.write.1.tlog
D:\GameHack\Base & Tools\Base\VS2010\XFilesHack\XFilesHack\Debug\link.6496-cvtres.read.1.tlog
D:\GameHack\Base & Tools\Base\VS2010\XFilesHack\XFilesHack\Debug\link.6496-cvtres.write.1.tlog
D:\GameHack\Base & Tools\Base\VS2010\XFilesHack\XFilesHack\Debug\link.6576.read.1.tlog
D:\GameHack\Base & Tools\Base\VS2010\XFilesHack\XFilesHack\Debug\link.6576.write.1.tlog
D:\GameHack\Base & Tools\Base\VS2010\XFilesHack\XFilesHack\Debug\link.6576-cvtres.read.1.tlog
D:\GameHack\Base & Tools\Base\VS2010\XFilesHack\XFilesHack\Debug\link.6576-cvtres.write.1.tlog
D:\GameHack\Base & Tools\Base\VS2010\XFilesHack\XFilesHack\Debug\link.6620.read.1.tlog
D:\GameHack\Base & Tools\Base\VS2010\XFilesHack\XFilesHack\Debug\link.6620.write.1.tlog
D:\GameHack\Base & Tools\Base\VS2010\XFilesHack\XFilesHack\Debug\link.6620-cvtres.read.1.tlog
D:\GameHack\Base & Tools\Base\VS2010\XFilesHack\XFilesHack\Debug\link.6620-cvtres.write.1.tlog
D:\GameHack\Base & Tools\Base\VS2010\XFilesHack\XFilesHack\Debug\link.6632.read.1.tlog
D:\GameHack\Base & Tools\Base\VS2010\XFilesHack\XFilesHack\Debug\link.6632.write.1.tlog
D:\GameHack\Base & Tools\Base\VS2010\XFilesHack\XFilesHack\Debug\link.6632-cvtres.read.1.tlog
D:\GameHack\Base & Tools\Base\VS2010\XFilesHack\XFilesHack\Debug\link.6632-cvtres.write.1.tlog
D:\GameHack\Base & Tools\Base\VS2010\XFilesHack\XFilesHack\Debug\link.6840.read.1.tlog
D:\GameHack\Base & Tools\Base\VS2010\XFilesHack\XFilesHack\Debug\link.6840.write.1.tlog
D:\GameHack\Base & Tools\Base\VS2010\XFilesHack\XFilesHack\Debug\link.6840-cvtres.read.1.tlog
D:\GameHack\Base & Tools\Base\VS2010\XFilesHack\XFilesHack\Debug\link.6840-cvtres.write.1.tlog
D:\GameHack\Base & Tools\Base\VS2010\XFilesHack\XFilesHack\Debug\link.6860.read.1.tlog
D:\GameHack\Base & Tools\Base\VS2010\XFilesHack\XFilesHack\Debug\link.6860.write.1.tlog
D:\GameHack\Base & Tools\Base\VS2010\XFilesHack\XFilesHack\Debug\link.6860-cvtres.read.1.tlog
D:\GameHack\Base & Tools\Base\VS2010\XFilesHack\XFilesHack\Debug\link.6860-cvtres.write.1.tlog
D:\GameHack\Base & Tools\Base\VS2010\XFilesHack\XFilesHack\Debug\link.6920.read.1.tlog
D:\GameHack\Base & Tools\Base\VS2010\XFilesHack\XFilesHack\Debug\link.6920.write.1.tlog
D:\GameHack\Base & Tools\Base\VS2010\XFilesHack\XFilesHack\Debug\link.6920-cvtres.read.1.tlog
D:\GameHack\Base & Tools\Base\VS2010\XFilesHack\XFilesHack\Debug\link.6920-cvtres.write.1.tlog
D:\GameHack\Base & Tools\Base\VS2010\XFilesHack\XFilesHack\Debug\link.704.read.1.tlog
D:\GameHack\Base & Tools\Base\VS2010\XFilesHack\XFilesHack\Debug\link.704.write.1.tlog
D:\GameHack\Base & Tools\Base\VS2010\XFilesHack\XFilesHack\Debug\link.704-cvtres.read.1.tlog
D:\GameHack\Base & Tools\Base\VS2010\XFilesHack\XFilesHack\Debug\link.704-cvtres.write.1.tlog
D:\GameHack\Base & Tools\Base\VS2010\XFilesHack\XFilesHack\Debug\link.7260.read.1.tlog
D:\GameHack\Base & Tools\Base\VS2010\XFilesHack\XFilesHack\Debug\link.7260.write.1.tlog
D:\GameHack\Base & Tools\Base\VS2010\XFilesHack\XFilesHack\Debug\link.7260-cvtres.read.1.tlog
D:\GameHack\Base & Tools\Base\VS2010\XFilesHack\XFilesHack\Debug\link.7260-cvtres.write.1.tlog
D:\GameHack\Base & Tools\Base\VS2010\XFilesHack\XFilesHack\Debug\link.7268.read.1.tlog
D:\GameHack\Base & Tools\Base\VS2010\XFilesHack\XFilesHack\Debug\link.7268.write.1.tlog
D:\GameHack\Base & Tools\Base\VS2010\XFilesHack\XFilesHack\Debug\link.7268-cvtres.read.1.tlog
D:\GameHack\Base & Tools\Base\VS2010\XFilesHack\XFilesHack\Debug\link.7268-cvtres.write.1.tlog
D:\GameHack\Base & Tools\Base\VS2010\XFilesHack\XFilesHack\Debug\link.7272.read.1.tlog
D:\GameHack\Base & Tools\Base\VS2010\XFilesHack\XFilesHack\Debug\link.7272.write.1.tlog
D:\GameHack\Base & Tools\Base\VS2010\XFilesHack\XFilesHack\Debug\link.7272-cvtres.read.1.tlog
D:\GameHack\Base & Tools\Base\VS2010\XFilesHack\XFilesHack\Debug\link.7272-cvtres.write.1.tlog
D:\GameHack\Base & Tools\Base\VS2010\XFilesHack\XFilesHack\Debug\link.7356.read.1.tlog
D:\GameHack\Base & Tools\Base\VS2010\XFilesHack\XFilesHack\Debug\link.7356.write.1.tlog
D:\GameHack\Base & Tools\Base\VS2010\XFilesHack\XFilesHack\Debug\link.7356-cvtres.read.1.tlog
D:\GameHack\Base & Tools\Base\VS2010\XFilesHack\XFilesHack\Debug\link.7356-cvtres.write.1.tlog
D:\GameHack\Base & Tools\Base\VS2010\XFilesHack\XFilesHack\Debug\link.7440.read.1.tlog
D:\GameHack\Base & Tools\Base\VS2010\XFilesHack\XFilesHack\Debug\link.7440.write.1.tlog
D:\GameHack\Base & Tools\Base\VS2010\XFilesHack\XFilesHack\Debug\link.7440-cvtres.read.1.tlog
D:\GameHack\Base & Tools\Base\VS2010\XFilesHack\XFilesHack\Debug\link.7440-cvtres.write.1.tlog
D:\GameHack\Base & Tools\Base\VS2010\XFilesHack\XFilesHack\Debug\link.7452.read.1.tlog
D:\GameHack\Base & Tools\Base\VS2010\XFilesHack\XFilesHack\Debug\link.7452.write.1.tlog
D:\GameHack\Base & Tools\Base\VS2010\XFilesHack\XFilesHack\Debug\link.7452-cvtres.read.1.tlog
D:\GameHack\Base & Tools\Base\VS2010\XFilesHack\XFilesHack\Debug\link.7452-cvtres.write.1.tlog
D:\GameHack\Base & Tools\Base\VS2010\XFilesHack\XFilesHack\Debug\link.748.read.1.tlog
D:\GameHack\Base & Tools\Base\VS2010\XFilesHack\XFilesHack\Debug\link.748.write.1.tlog
D:\GameHack\Base & Tools\Base\VS2010\XFilesHack\XFilesHack\Debug\link.7484.read.1.tlog
D:\GameHack\Base & Tools\Base\VS2010\XFilesHack\XFilesHack\Debug\link.7484.write.1.tlog
D:\GameHack\Base & Tools\Base\VS2010\XFilesHack\XFilesHack\Debug\link.7484-cvtres.read.1.tlog
D:\GameHack\Base & Tools\Base\VS2010\XFilesHack\XFilesHack\Debug\link.7484-cvtres.write.1.tlog
D:\GameHack\Base & Tools\Base\VS2010\XFilesHack\XFilesHack\Debug\link.748-cvtres.read.1.tlog
D:\GameHack\Base & Tools\Base\VS2010\XFilesHack\XFilesHack\Debug\link.748-cvtres.write.1.tlog
D:\GameHack\Base & Tools\Base\VS2010\XFilesHack\XFilesHack\Debug\link.7576.read.1.tlog
D:\GameHack\Base & Tools\Base\VS2010\XFilesHack\XFilesHack\Debug\link.7576.write.1.tlog
D:\GameHack\Base & Tools\Base\VS2010\XFilesHack\XFilesHack\Debug\link.7576-cvtres.read.1.tlog
D:\GameHack\Base & Tools\Base\VS2010\XFilesHack\XFilesHack\Debug\link.7576-cvtres.write.1.tlog
D:\GameHack\Base & Tools\Base\VS2010\XFilesHack\XFilesHack\Debug\link.7600.read.1.tlog
D:\GameHack\Base & Tools\Base\VS2010\XFilesHack\XFilesHack\Debug\link.7600.write.1.tlog
D:\GameHack\Base & Tools\Base\VS2010\XFilesHack\XFilesHack\Debug\link.7600-cvtres.read.1.tlog
D:\GameHack\Base & Tools\Base\VS2010\XFilesHack\XFilesHack\Debug\link.7600-cvtres.write.1.tlog
D:\GameHack\Base & Tools\Base\VS2010\XFilesHack\XFilesHack\Debug\link.7676.read.1.tlog
D:\GameHack\Base & Tools\Base\VS2010\XFilesHack\XFilesHack\Debug\link.7676.write.1.tlog
D:\GameHack\Base & Tools\Base\VS2010\XFilesHack\XFilesHack\Debug\link.7676-cvtres.read.1.tlog
D:\GameHack\Base & Tools\Base\VS2010\XFilesHack\XFilesHack\Debug\link.7676-cvtres.write.1.tlog
D:\GameHack\Base & Tools\Base\VS2010\XFilesHack\XFilesHack\Debug\link.7808.read.1.tlog
D:\GameHack\Base & Tools\Base\VS2010\XFilesHack\XFilesHack\Debug\link.7808.write.1.tlog
D:\GameHack\Base & Tools\Base\VS2010\XFilesHack\XFilesHack\Debug\link.7808-cvtres.read.1.tlog
D:\GameHack\Base & Tools\Base\VS2010\XFilesHack\XFilesHack\Debug\link.7808-cvtres.write.1.tlog
D:\GameHack\Base & Tools\Base\VS2010\XFilesHack\XFilesHack\Debug\link.7976.read.1.tlog
D:\GameHack\Base & Tools\Base\VS2010\XFilesHack\XFilesHack\Debug\link.7976.write.1.tlog
D:\GameHack\Base & Tools\Base\VS2010\XFilesHack\XFilesHack\Debug\link.7976-cvtres.read.1.tlog
D:\GameHack\Base & Tools\Base\VS2010\XFilesHack\XFilesHack\Debug\link.7976-cvtres.write.1.tlog
D:\GameHack\Base & Tools\Base\VS2010\XFilesHack\XFilesHack\Debug\link.8072.read.1.tlog
D:\GameHack\Base & Tools\Base\VS2010\XFilesHack\XFilesHack\Debug\link.8072.write.1.tlog
D:\GameHack\Base & Tools\Base\VS2010\XFilesHack\XFilesHack\Debug\link.8072-cvtres.read.1.tlog
D:\GameHack\Base & Tools\Base\VS2010\XFilesHack\XFilesHack\Debug\link.8072-cvtres.write.1.tlog
D:\GameHack\Base & Tools\Base\VS2010\XFilesHack\XFilesHack\Debug\link.8124.read.1.tlog
D:\GameHack\Base & Tools\Base\VS2010\XFilesHack\XFilesHack\Debug\link.8124.write.1.tlog
D:\GameHack\Base & Tools\Base\VS2010\XFilesHack\XFilesHack\Debug\link.8124-cvtres.read.1.tlog
D:\GameHack\Base & Tools\Base\VS2010\XFilesHack\XFilesHack\Debug\link.8124-cvtres.write.1.tlog
D:\GameHack\Base & Tools\Base\VS2010\XFilesHack\XFilesHack\Debug\link.8180.read.1.tlog
D:\GameHack\Base & Tools\Base\VS2010\XFilesHack\XFilesHack\Debug\link.8180.write.1.tlog
D:\GameHack\Base & Tools\Base\VS2010\XFilesHack\XFilesHack\Debug\link.8180-cvtres.read.1.tlog
D:\GameHack\Base & Tools\Base\VS2010\XFilesHack\XFilesHack\Debug\link.8180-cvtres.write.1.tlog
D:\GameHack\Base & Tools\Base\VS2010\XFilesHack\XFilesHack\Debug\link.8200.read.1.tlog
D:\GameHack\Base & Tools\Base\VS2010\XFilesHack\XFilesHack\Debug\link.8200.write.1.tlog
D:\GameHack\Base & Tools\Base\VS2010\XFilesHack\XFilesHack\Debug\link.8200-cvtres.read.1.tlog
D:\GameHack\Base & Tools\Base\VS2010\XFilesHack\XFilesHack\Debug\link.8200-cvtres.write.1.tlog
D:\GameHack\Base & Tools\Base\VS2010\XFilesHack\XFilesHack\Debug\link.8216.read.1.tlog
D:\GameHack\Base & Tools\Base\VS2010\XFilesHack\XFilesHack\Debug\link.8216.write.1.tlog
D:\GameHack\Base & Tools\Base\VS2010\XFilesHack\XFilesHack\Debug\link.8216-cvtres.read.1.tlog
D:\GameHack\Base & Tools\Base\VS2010\XFilesHack\XFilesHack\Debug\link.8216-cvtres.write.1.tlog
D:\GameHack\Base & Tools\Base\VS2010\XFilesHack\XFilesHack\Debug\link.8240.read.1.tlog
D:\GameHack\Base & Tools\Base\VS2010\XFilesHack\XFilesHack\Debug\link.8240.write.1.tlog
D:\GameHack\Base & Tools\Base\VS2010\XFilesHack\XFilesHack\Debug\link.8240-cvtres.read.1.tlog
D:\GameHack\Base & Tools\Base\VS2010\XFilesHack\XFilesHack\Debug\link.8240-cvtres.write.1.tlog
D:\GameHack\Base & Tools\Base\VS2010\XFilesHack\XFilesHack\Debug\link.8260.read.1.tlog
D:\GameHack\Base & Tools\Base\VS2010\XFilesHack\XFilesHack\Debug\link.8260.write.1.tlog
D:\GameHack\Base & Tools\Base\VS2010\XFilesHack\XFilesHack\Debug\link.8260-cvtres.read.1.tlog
D:\GameHack\Base & Tools\Base\VS2010\XFilesHack\XFilesHack\Debug\link.8260-cvtres.write.1.tlog
D:\GameHack\Base & Tools\Base\VS2010\XFilesHack\XFilesHack\Debug\link.8264.read.1.tlog
D:\GameHack\Base & Tools\Base\VS2010\XFilesHack\XFilesHack\Debug\link.8264.write.1.tlog
D:\GameHack\Base & Tools\Base\VS2010\XFilesHack\XFilesHack\Debug\link.8264-cvtres.read.1.tlog
D:\GameHack\Base & Tools\Base\VS2010\XFilesHack\XFilesHack\Debug\link.8264-cvtres.write.1.tlog
D:\GameHack\Base & Tools\Base\VS2010\XFilesHack\XFilesHack\Debug\link.8268.read.1.tlog
D:\GameHack\Base & Tools\Base\VS2010\XFilesHack\XFilesHack\Debug\link.8268.write.1.tlog
D:\GameHack\Base & Tools\Base\VS2010\XFilesHack\XFilesHack\Debug\link.8268-cvtres.read.1.tlog
D:\GameHack\Base & Tools\Base\VS2010\XFilesHack\XFilesHack\Debug\link.8268-cvtres.write.1.tlog
D:\GameHack\Base & Tools\Base\VS2010\XFilesHack\XFilesHack\Debug\link.8340.read.1.tlog
D:\GameHack\Base & Tools\Base\VS2010\XFilesHack\XFilesHack\Debug\link.8340.write.1.tlog
D:\GameHack\Base & Tools\Base\VS2010\XFilesHack\XFilesHack\Debug\link.8340-cvtres.read.1.tlog
D:\GameHack\Base & Tools\Base\VS2010\XFilesHack\XFilesHack\Debug\link.8340-cvtres.write.1.tlog
D:\GameHack\Base & Tools\Base\VS2010\XFilesHack\XFilesHack\Debug\link.8344.read.1.tlog
D:\GameHack\Base & Tools\Base\VS2010\XFilesHack\XFilesHack\Debug\link.8344.write.1.tlog
D:\GameHack\Base & Tools\Base\VS2010\XFilesHack\XFilesHack\Debug\link.8344-cvtres.read.1.tlog
D:\GameHack\Base & Tools\Base\VS2010\XFilesHack\XFilesHack\Debug\link.8344-cvtres.write.1.tlog
D:\GameHack\Base & Tools\Base\VS2010\XFilesHack\XFilesHack\Debug\link.8380.read.1.tlog
D:\GameHack\Base & Tools\Base\VS2010\XFilesHack\XFilesHack\Debug\link.8380.write.1.tlog
D:\GameHack\Base & Tools\Base\VS2010\XFilesHack\XFilesHack\Debug\link.8380-cvtres.read.1.tlog
D:\GameHack\Base & Tools\Base\VS2010\XFilesHack\XFilesHack\Debug\link.8380-cvtres.write.1.tlog
D:\GameHack\Base & Tools\Base\VS2010\XFilesHack\XFilesHack\Debug\link.8384.read.1.tlog
D:\GameHack\Base & Tools\Base\VS2010\XFilesHack\XFilesHack\Debug\link.8384.write.1.tlog
D:\GameHack\Base & Tools\Base\VS2010\XFilesHack\XFilesHack\Debug\link.8384-cvtres.read.1.tlog
D:\GameHack\Base & Tools\Base\VS2010\XFilesHack\XFilesHack\Debug\link.8384-cvtres.write.1.tlog
D:\GameHack\Base & Tools\Base\VS2010\XFilesHack\XFilesHack\Debug\link.8396.read.1.tlog
D:\GameHack\Base & Tools\Base\VS2010\XFilesHack\XFilesHack\Debug\link.8396.write.1.tlog
D:\GameHack\Base & Tools\Base\VS2010\XFilesHack\XFilesHack\Debug\link.8396-cvtres.read.1.tlog
D:\GameHack\Base & Tools\Base\VS2010\XFilesHack\XFilesHack\Debug\link.8396-cvtres.write.1.tlog
D:\GameHack\Base & Tools\Base\VS2010\XFilesHack\XFilesHack\Debug\link.8412.read.1.tlog
D:\GameHack\Base & Tools\Base\VS2010\XFilesHack\XFilesHack\Debug\link.8412.write.1.tlog
D:\GameHack\Base & Tools\Base\VS2010\XFilesHack\XFilesHack\Debug\link.8412-cvtres.read.1.tlog
D:\GameHack\Base & Tools\Base\VS2010\XFilesHack\XFilesHack\Debug\link.8412-cvtres.write.1.tlog
D:\GameHack\Base & Tools\Base\VS2010\XFilesHack\XFilesHack\Debug\link.8432.read.1.tlog
D:\GameHack\Base & Tools\Base\VS2010\XFilesHack\XFilesHack\Debug\link.8432.write.1.tlog
D:\GameHack\Base & Tools\Base\VS2010\XFilesHack\XFilesHack\Debug\link.8432-cvtres.read.1.tlog
D:\GameHack\Base & Tools\Base\VS2010\XFilesHack\XFilesHack\Debug\link.8432-cvtres.write.1.tlog
D:\GameHack\Base & Tools\Base\VS2010\XFilesHack\XFilesHack\Debug\link.8464.read.1.tlog
D:\GameHack\Base & Tools\Base\VS2010\XFilesHack\XFilesHack\Debug\link.8464.write.1.tlog
D:\GameHack\Base & Tools\Base\VS2010\XFilesHack\XFilesHack\Debug\link.8464-cvtres.read.1.tlog
D:\GameHack\Base & Tools\Base\VS2010\XFilesHack\XFilesHack\Debug\link.8464-cvtres.write.1.tlog
D:\GameHack\Base & Tools\Base\VS2010\XFilesHack\XFilesHack\Debug\link.8476.read.1.tlog
D:\GameHack\Base & Tools\Base\VS2010\XFilesHack\XFilesHack\Debug\link.8476.write.1.tlog
D:\GameHack\Base & Tools\Base\VS2010\XFilesHack\XFilesHack\Debug\link.8476-cvtres.read.1.tlog
D:\GameHack\Base & Tools\Base\VS2010\XFilesHack\XFilesHack\Debug\link.8476-cvtres.write.1.tlog
D:\GameHack\Base & Tools\Base\VS2010\XFilesHack\XFilesHack\Debug\link.8520.read.1.tlog
D:\GameHack\Base & Tools\Base\VS2010\XFilesHack\XFilesHack\Debug\link.8520.write.1.tlog
D:\GameHack\Base & Tools\Base\VS2010\XFilesHack\XFilesHack\Debug\link.8520-cvtres.read.1.tlog
D:\GameHack\Base & Tools\Base\VS2010\XFilesHack\XFilesHack\Debug\link.8520-cvtres.write.1.tlog
D:\GameHack\Base & Tools\Base\VS2010\XFilesHack\XFilesHack\Debug\link.8588.read.1.tlog
D:\GameHack\Base & Tools\Base\VS2010\XFilesHack\XFilesHack\Debug\link.8588.write.1.tlog
D:\GameHack\Base & Tools\Base\VS2010\XFilesHack\XFilesHack\Debug\link.8588-cvtres.read.1.tlog
D:\GameHack\Base & Tools\Base\VS2010\XFilesHack\XFilesHack\Debug\link.8588-cvtres.write.1.tlog
D:\GameHack\Base & Tools\Base\VS2010\XFilesHack\XFilesHack\Debug\link.8608.read.1.tlog
D:\GameHack\Base & Tools\Base\VS2010\XFilesHack\XFilesHack\Debug\link.8608.write.1.tlog
D:\GameHack\Base & Tools\Base\VS2010\XFilesHack\XFilesHack\Debug\link.8608-cvtres.read.1.tlog
D:\GameHack\Base & Tools\Base\VS2010\XFilesHack\XFilesHack\Debug\link.8608-cvtres.write.1.tlog
D:\GameHack\Base & Tools\Base\VS2010\XFilesHack\XFilesHack\Debug\link.8636.read.1.tlog
D:\GameHack\Base & Tools\Base\VS2010\XFilesHack\XFilesHack\Debug\link.8636.write.1.tlog
D:\GameHack\Base & Tools\Base\VS2010\XFilesHack\XFilesHack\Debug\link.8636-cvtres.read.1.tlog
D:\GameHack\Base & Tools\Base\VS2010\XFilesHack\XFilesHack\Debug\link.8636-cvtres.write.1.tlog
D:\GameHack\Base & Tools\Base\VS2010\XFilesHack\XFilesHack\Debug\link.8696.read.1.tlog
D:\GameHack\Base & Tools\Base\VS2010\XFilesHack\XFilesHack\Debug\link.8696.write.1.tlog
D:\GameHack\Base & Tools\Base\VS2010\XFilesHack\XFilesHack\Debug\link.8696-cvtres.read.1.tlog
D:\GameHack\Base & Tools\Base\VS2010\XFilesHack\XFilesHack\Debug\link.8696-cvtres.write.1.tlog
D:\GameHack\Base & Tools\Base\VS2010\XFilesHack\XFilesHack\Debug\link.8704.read.1.tlog
D:\GameHack\Base & Tools\Base\VS2010\XFilesHack\XFilesHack\Debug\link.8704.write.1.tlog
D:\GameHack\Base & Tools\Base\VS2010\XFilesHack\XFilesHack\Debug\link.8704-cvtres.read.1.tlog
D:\GameHack\Base & Tools\Base\VS2010\XFilesHack\XFilesHack\Debug\link.8704-cvtres.write.1.tlog
D:\GameHack\Base & Tools\Base\VS2010\XFilesHack\XFilesHack\Debug\link.8720.read.1.tlog
D:\GameHack\Base & Tools\Base\VS2010\XFilesHack\XFilesHack\Debug\link.8720.write.1.tlog
D:\GameHack\Base & Tools\Base\VS2010\XFilesHack\XFilesHack\Debug\link.8720-cvtres.read.1.tlog
D:\GameHack\Base & Tools\Base\VS2010\XFilesHack\XFilesHack\Debug\link.8720-cvtres.write.1.tlog
D:\GameHack\Base & Tools\Base\VS2010\XFilesHack\XFilesHack\Debug\link.8748.read.1.tlog
D:\GameHack\Base & Tools\Base\VS2010\XFilesHack\XFilesHack\Debug\link.8748.write.1.tlog
D:\GameHack\Base & Tools\Base\VS2010\XFilesHack\XFilesHack\Debug\link.8748-cvtres.read.1.tlog
D:\GameHack\Base & Tools\Base\VS2010\XFilesHack\XFilesHack\Debug\link.8748-cvtres.write.1.tlog
D:\GameHack\Base & Tools\Base\VS2010\XFilesHack\XFilesHack\Debug\link.876.read.1.tlog
D:\GameHack\Base & Tools\Base\VS2010\XFilesHack\XFilesHack\Debug\link.876.write.1.tlog
D:\GameHack\Base & Tools\Base\VS2010\XFilesHack\XFilesHack\Debug\link.8764.read.1.tlog
D:\GameHack\Base & Tools\Base\VS2010\XFilesHack\XFilesHack\Debug\link.8764.write.1.tlog
D:\GameHack\Base & Tools\Base\VS2010\XFilesHack\XFilesHack\Debug\link.8764-cvtres.read.1.tlog
D:\GameHack\Base & Tools\Base\VS2010\XFilesHack\XFilesHack\Debug\link.8764-cvtres.write.1.tlog
D:\GameHack\Base & Tools\Base\VS2010\XFilesHack\XFilesHack\Debug\link.876-cvtres.read.1.tlog
D:\GameHack\Base & Tools\Base\VS2010\XFilesHack\XFilesHack\Debug\link.876-cvtres.write.1.tlog
D:\GameHack\Base & Tools\Base\VS2010\XFilesHack\XFilesHack\Debug\link.8780.read.1.tlog
D:\GameHack\Base & Tools\Base\VS2010\XFilesHack\XFilesHack\Debug\link.8780.write.1.tlog
D:\GameHack\Base & Tools\Base\VS2010\XFilesHack\XFilesHack\Debug\link.8780-cvtres.read.1.tlog
D:\GameHack\Base & Tools\Base\VS2010\XFilesHack\XFilesHack\Debug\link.8780-cvtres.write.1.tlog
D:\GameHack\Base & Tools\Base\VS2010\XFilesHack\XFilesHack\Debug\link.8784.read.1.tlog
D:\GameHack\Base & Tools\Base\VS2010\XFilesHack\XFilesHack\Debug\link.8784.write.1.tlog
D:\GameHack\Base & Tools\Base\VS2010\XFilesHack\XFilesHack\Debug\link.8784-cvtres.read.1.tlog
D:\GameHack\Base & Tools\Base\VS2010\XFilesHack\XFilesHack\Debug\link.8784-cvtres.write.1.tlog
D:\GameHack\Base & Tools\Base\VS2010\XFilesHack\XFilesHack\Debug\link.8796.read.1.tlog
D:\GameHack\Base & Tools\Base\VS2010\XFilesHack\XFilesHack\Debug\link.8796.write.1.tlog
D:\GameHack\Base & Tools\Base\VS2010\XFilesHack\XFilesHack\Debug\link.8796-cvtres.read.1.tlog
D:\GameHack\Base & Tools\Base\VS2010\XFilesHack\XFilesHack\Debug\link.8796-cvtres.write.1.tlog
D:\GameHack\Base & Tools\Base\VS2010\XFilesHack\XFilesHack\Debug\link.8820.read.1.tlog
D:\GameHack\Base & Tools\Base\VS2010\XFilesHack\XFilesHack\Debug\link.8820.write.1.tlog
D:\GameHack\Base & Tools\Base\VS2010\XFilesHack\XFilesHack\Debug\link.8820-cvtres.read.1.tlog
D:\GameHack\Base & Tools\Base\VS2010\XFilesHack\XFilesHack\Debug\link.8820-cvtres.write.1.tlog
D:\GameHack\Base & Tools\Base\VS2010\XFilesHack\XFilesHack\Debug\link.8876.read.1.tlog
D:\GameHack\Base & Tools\Base\VS2010\XFilesHack\XFilesHack\Debug\link.8876.write.1.tlog
D:\GameHack\Base & Tools\Base\VS2010\XFilesHack\XFilesHack\Debug\link.8876-cvtres.read.1.tlog
D:\GameHack\Base & Tools\Base\VS2010\XFilesHack\XFilesHack\Debug\link.8876-cvtres.write.1.tlog
D:\GameHack\Base & Tools\Base\VS2010\XFilesHack\XFilesHack\Debug\link.8884.read.1.tlog
D:\GameHack\Base & Tools\Base\VS2010\XFilesHack\XFilesHack\Debug\link.8884.write.1.tlog
D:\GameHack\Base & Tools\Base\VS2010\XFilesHack\XFilesHack\Debug\link.8884-cvtres.read.1.tlog
D:\GameHack\Base & Tools\Base\VS2010\XFilesHack\XFilesHack\Debug\link.8884-cvtres.write.1.tlog
D:\GameHack\Base & Tools\Base\VS2010\XFilesHack\XFilesHack\Debug\link.8940.read.1.tlog
D:\GameHack\Base & Tools\Base\VS2010\XFilesHack\XFilesHack\Debug\link.8940.write.1.tlog
D:\GameHack\Base & Tools\Base\VS2010\XFilesHack\XFilesHack\Debug\link.8940-cvtres.read.1.tlog
D:\GameHack\Base & Tools\Base\VS2010\XFilesHack\XFilesHack\Debug\link.8940-cvtres.write.1.tlog
D:\GameHack\Base & Tools\Base\VS2010\XFilesHack\XFilesHack\Debug\link.8992.read.1.tlog
D:\GameHack\Base & Tools\Base\VS2010\XFilesHack\XFilesHack\Debug\link.8992.write.1.tlog
D:\GameHack\Base & Tools\Base\VS2010\XFilesHack\XFilesHack\Debug\link.8992-cvtres.read.1.tlog
D:\GameHack\Base & Tools\Base\VS2010\XFilesHack\XFilesHack\Debug\link.8992-cvtres.write.1.tlog
D:\GameHack\Base & Tools\Base\VS2010\XFilesHack\XFilesHack\Debug\link.9036.read.1.tlog
D:\GameHack\Base & Tools\Base\VS2010\XFilesHack\XFilesHack\Debug\link.9036.write.1.tlog
D:\GameHack\Base & Tools\Base\VS2010\XFilesHack\XFilesHack\Debug\link.9036-cvtres.read.1.tlog
D:\GameHack\Base & Tools\Base\VS2010\XFilesHack\XFilesHack\Debug\link.9036-cvtres.write.1.tlog
D:\GameHack\Base & Tools\Base\VS2010\XFilesHack\XFilesHack\Debug\link.9044.read.1.tlog
D:\GameHack\Base & Tools\Base\VS2010\XFilesHack\XFilesHack\Debug\link.9044.write.1.tlog
D:\GameHack\Base & Tools\Base\VS2010\XFilesHack\XFilesHack\Debug\link.9044-cvtres.read.1.tlog
D:\GameHack\Base & Tools\Base\VS2010\XFilesHack\XFilesHack\Debug\link.9044-cvtres.write.1.tlog
D:\GameHack\Base & Tools\Base\VS2010\XFilesHack\XFilesHack\Debug\link.9064.read.1.tlog
D:\GameHack\Base & Tools\Base\VS2010\XFilesHack\XFilesHack\Debug\link.9064.write.1.tlog
D:\GameHack\Base & Tools\Base\VS2010\XFilesHack\XFilesHack\Debug\link.9064-cvtres.read.1.tlog
D:\GameHack\Base & Tools\Base\VS2010\XFilesHack\XFilesHack\Debug\link.9064-cvtres.write.1.tlog
D:\GameHack\Base & Tools\Base\VS2010\XFilesHack\XFilesHack\Debug\link.9120.read.1.tlog
D:\GameHack\Base & Tools\Base\VS2010\XFilesHack\XFilesHack\Debug\link.9120.write.1.tlog
D:\GameHack\Base & Tools\Base\VS2010\XFilesHack\XFilesHack\Debug\link.9120-cvtres.read.1.tlog
D:\GameHack\Base & Tools\Base\VS2010\XFilesHack\XFilesHack\Debug\link.9120-cvtres.write.1.tlog
D:\GameHack\Base & Tools\Base\VS2010\XFilesHack\XFilesHack\Debug\link.9160.read.1.tlog
D:\GameHack\Base & Tools\Base\VS2010\XFilesHack\XFilesHack\Debug\link.9160.write.1.tlog
D:\GameHack\Base & Tools\Base\VS2010\XFilesHack\XFilesHack\Debug\link.9160-cvtres.read.1.tlog
D:\GameHack\Base & Tools\Base\VS2010\XFilesHack\XFilesHack\Debug\link.9160-cvtres.write.1.tlog
D:\GameHack\Base & Tools\Base\VS2010\XFilesHack\XFilesHack\Debug\link.9196.read.1.tlog
D:\GameHack\Base & Tools\Base\VS2010\XFilesHack\XFilesHack\Debug\link.9196.write.1.tlog
D:\GameHack\Base & Tools\Base\VS2010\XFilesHack\XFilesHack\Debug\link.9196-cvtres.read.1.tlog
D:\GameHack\Base & Tools\Base\VS2010\XFilesHack\XFilesHack\Debug\link.9196-cvtres.write.1.tlog
D:\GameHack\Base & Tools\Base\VS2010\XFilesHack\XFilesHack\Debug\link.9204.read.1.tlog
D:\GameHack\Base & Tools\Base\VS2010\XFilesHack\XFilesHack\Debug\link.9204.write.1.tlog
D:\GameHack\Base & Tools\Base\VS2010\XFilesHack\XFilesHack\Debug\link.9204-cvtres.read.1.tlog
D:\GameHack\Base & Tools\Base\VS2010\XFilesHack\XFilesHack\Debug\link.9204-cvtres.write.1.tlog
D:\GameHack\Base & Tools\Base\VS2010\XFilesHack\XFilesHack\Debug\link.command.1.tlog
D:\GameHack\Base & Tools\Base\VS2010\XFilesHack\XFilesHack\Debug\link.read.1.tlog
D:\GameHack\Base & Tools\Base\VS2010\XFilesHack\XFilesHack\Debug\link.write.1.tlog
D:\GameHack\Base & Tools\Base\VS2010\XFilesHack\XFilesHack\Debug\mt.command.1.tlog
D:\GameHack\Base & Tools\Base\VS2010\XFilesHack\XFilesHack\Debug\mt.read.1.tlog
D:\GameHack\Base & Tools\Base\VS2010\XFilesHack\XFilesHack\Debug\mt.write.1.tlog
D:\GameHack\Base & Tools\Base\VS2010\XFilesHack\XFilesHack\Debug\rc.command.1.tlog
D:\GameHack\Base & Tools\Base\VS2010\XFilesHack\XFilesHack\Debug\rc.read.1.tlog
D:\GameHack\Base & Tools\Base\VS2010\XFilesHack\XFilesHack\Debug\rc.write.1.tlog
D:\GameHack\Base & Tools\Base\VS2010\XFilesHack\XFilesHack\Debug\ResolveAssemblyReference.cache
D:\GAMEHACK\BASE & TOOLS\BASE\VS2010\XFILESHACK\XFILESHACK\DEBUG\SMART.OBJ
D:\GAMEHACK\BASE & TOOLS\BASE\VS2010\XFILESHACK\XFILESHACK\DEBUG\STDAFX.OBJ
D:\GAMEHACK\BASE & TOOLS\BASE\VS2010\XFILESHACK\XFILESHACK\DEBUG\VC100.PDB
D:\GameHack\Base & Tools\Base\VS2010\XFilesHack\XFilesHack\Debug\XFilesHack.exe.intermediate.manifest
D:\GAMEHACK\BASE & TOOLS\BASE\VS2010\XFILESHACK\XFILESHACK\DEBUG\XFILESHACK.FORM1.RESOURCES
D:\GAMEHACK\BASE & TOOLS\BASE\VS2010\XFILESHACK\XFILESHACK\DEBUG\XFILESHACK.FORMLOGIN.RESOURCES
D:\GAMEHACK\BASE & TOOLS\BASE\VS2010\XFILESHACK\XFILESHACK\DEBUG\XFILESHACK.OBJ
D:\GAMEHACK\BASE & TOOLS\BASE\VS2010\XFILESHACK\XFILESHACK\DEBUG\XFILESHACK.PCH
D:\GameHack\Base & Tools\Base\VS2010\XFilesHack\XFilesHack\Debug\XFilesHack.vcxproj.GenerateResource.Cache
D:\GameHack\Base & Tools\Base\VS2010\XFilesHack\XFilesHack\Debug\XFilesHack.vcxprojResolveAssemblyReference.cache
D:\GameHack\Base & Tools\Base\VS2010\XFilesHack\XFilesHack\Debug\XFilesHack.write.1.tlog
