Build started 6/13/2015 3:04:25 AM.
     1>Project "D:\GameHack\Base & Tools\Base\VS2010\XFilesHack\XFilesHack\XFilesHack.vcxproj" on node 2 (build target(s)).
     1>InitializeBuildStatus:
         Creating "Debug\XFilesHack.unsuccessfulbuild" because "AlwaysCreate" was specified.
       GenerateTargetFrameworkMonikerAttribute:
       Skipping target "GenerateTargetFrameworkMonikerAttribute" because all output files are up-to-date with respect to the input files.
       ClCompile:
         All outputs are up-to-date.
         C:\Program Files\Microsoft Visual Studio 10.0\VC\bin\CL.exe /c /AI"C:\Program Files\Reference Assemblies\Microsoft\Framework\.NETFramework\v4.0" /Zi /clr /nologo /W3 /WX- /Od /Oy- /D WIN32 /D _DEBUG /D _MBCS /EHa /MDd /GS /fp:precise /Zc:wchar_t /Zc:forScope /Yu"StdAfx.h" /Fp"Debug\XFilesHack.pch" /Fo"Debug\\" /Fd"Debug\vc100.pdb" /TP /FU"C:\Program Files\Reference Assemblies\Microsoft\Framework\.NETFramework\v4.0\System.Core.dll" /FU"C:\Program Files\Reference Assemblies\Microsoft\Framework\.NETFramework\v4.0\System.Data.dll" /FU"C:\Program Files\Reference Assemblies\Microsoft\Framework\.NETFramework\v4.0\System.dll" /FU"C:\Program Files\Reference Assemblies\Microsoft\Framework\.NETFramework\v4.0\System.Drawing.dll" /FU"C:\Program Files\Reference Assemblies\Microsoft\Framework\.NETFramework\v4.0\System.Windows.Forms.dll" /FU"C:\Program Files\Reference Assemblies\Microsoft\Framework\.NETFramework\v4.0\System.Xml.dll" /analyze- /errorReport:prompt XFilesHack.cpp /clr:nostdlib 
         XFilesHack.cpp
         All outputs are up-to-date.
       CoreResGen:
         All outputs are up-to-date.
       ResourceCompile:
         All outputs are up-to-date.
       Link:
         C:\Program Files\Microsoft Visual Studio 10.0\VC\bin\link.exe /ERRORREPORT:PROMPT /OUT:"D:\GameHack\Base & Tools\Base\VS2010\XFilesHack\Debug\XFilesHack.exe" /INCREMENTAL /NOLOGO kernel32.lib user32.lib gdi32.lib winspool.lib comdlg32.lib advapi32.lib shell32.lib ole32.lib oleaut32.lib uuid.lib odbc32.lib odbccp32.lib kernel32.lib user32.lib gdi32.lib winspool.lib comdlg32.lib advapi32.lib shell32.lib ole32.lib oleaut32.lib uuid.lib odbc32.lib odbccp32.lib /ASSEMBLYRESOURCE:Debug\XFilesHack.Form1.resources /ASSEMBLYRESOURCE:Debug\XFilesHack.FormLogin.resources /ASSEMBLYRESOURCE:Debug\XFilesHack.FormSelectGame.resources /ASSEMBLYRESOURCE:Debug\XFilesHack.FormUpdate.resources /MANIFEST /ManifestFile:"Debug\XFilesHack.exe.intermediate.manifest" /MANIFESTUAC:"level='asInvoker' uiAccess='false'" /DEBUG /PDB:"D:\GameHack\Base & Tools\Base\VS2010\XFilesHack\Debug\XFilesHack.pdb" /ASSEMBLYDEBUG /SUBSYSTEM:WINDOWS /TLBID:1 /ENTRY:"main" /DYNAMICBASE /FIXED:NO /NXCOMPAT /MACHINE:X86 Debug\app.res
         Debug\AssemblyInfo.obj
         Debug\SMART.obj
         Debug\stdafx.obj
         Debug\XFilesHack.obj
         "Debug\.NETFramework,Version=v4.0.AssemblyAttributes.obj"
         XFilesHack.vcxproj -> D:\GameHack\Base & Tools\Base\VS2010\XFilesHack\Debug\XFilesHack.exe
       Manifest:
         C:\Program Files\Microsoft SDKs\Windows\v7.0A\bin\mt.exe /nologo /verbose /outputresource:"D:\GameHack\Base & Tools\Base\VS2010\XFilesHack\Debug\XFilesHack.exe;#1" /manifest Debug\XFilesHack.exe.intermediate.manifest
       FinalizeBuildStatus:
         Deleting file "Debug\XFilesHack.unsuccessfulbuild".
         Touching "Debug\XFilesHack.lastbuildstate".
     1>Done Building Project "D:\GameHack\Base & Tools\Base\VS2010\XFilesHack\XFilesHack\XFilesHack.vcxproj" (build target(s)).

Build succeeded.

Time Elapsed 00:00:01.13
