Build started 10/2/2015 9:31:45 PM.
     1>Project "D:\GameHack\Base & Tools\Base\VS2010\XFilesHack\InjectionCore\InjectionCore.vcxproj" on node 2 (build target(s)).
     1>InitializeBuildStatus:
         Creating "Release\InjectionCore.unsuccessfulbuild" because "AlwaysCreate" was specified.
       ClCompile:
         C:\Program Files (x86)\Microsoft Visual Studio 10.0\VC\bin\CL.exe /c /Zi /nologo /W3 /WX- /O2 /Oi /Oy- /GL /D WIN32 /D NDEBUG /D _WINDOWS /D _USRDLL /D INJECTIONCORE_EXPORTS /D CURL_STATICLIB /D _WINDLL /D _MBCS /Gm- /EHsc /MD /GS /Gy /fp:precise /Zc:wchar_t /Zc:forScope /Fo"Release\\" /Fd"Release\vc100.pdb" /Gd /TP /analyze- /errorReport:prompt InjectionCore.cpp SMART.cpp
         InjectionCore.cpp
         SMART.cpp
       Link:
         C:\Program Files (x86)\Microsoft Visual Studio 10.0\VC\bin\link.exe /ERRORREPORT:PROMPT /OUT:"D:\GameHack\Base & Tools\Base\VS2010\XFilesHack\Release\InjectionCore.dll" /INCREMENTAL:NO /NOLOGO kernel32.lib user32.lib gdi32.lib winspool.lib comdlg32.lib advapi32.lib shell32.lib ole32.lib oleaut32.lib uuid.lib odbc32.lib odbccp32.lib /MANIFEST /ManifestFile:"Release\InjectionCore.dll.intermediate.manifest" /MANIFESTUAC:"level='asInvoker' uiAccess='false'" /DEBUG /PDB:"D:\GameHack\Base & Tools\Base\VS2010\XFilesHack\Release\InjectionCore.pdb" /MAP /SUBSYSTEM:WINDOWS /OPT:REF /OPT:ICF /LTCG /TLBID:1 /DYNAMICBASE /NXCOMPAT /IMPLIB:"D:\GameHack\Base & Tools\Base\VS2010\XFilesHack\Release\InjectionCore.lib" /MACHINE:X86 /DLL Release\InjectionCore.obj
         Release\SMART.obj
            Creating library D:\GameHack\Base & Tools\Base\VS2010\XFilesHack\Release\InjectionCore.lib and object D:\GameHack\Base & Tools\Base\VS2010\XFilesHack\Release\InjectionCore.exp
         Generating code
         Finished generating code
         InjectionCore.vcxproj -> D:\GameHack\Base & Tools\Base\VS2010\XFilesHack\Release\InjectionCore.dll
       Manifest:
         C:\Program Files (x86)\Microsoft SDKs\Windows\v7.0A\bin\mt.exe /nologo /verbose /outputresource:"D:\GameHack\Base & Tools\Base\VS2010\XFilesHack\Release\InjectionCore.dll;#2" /manifest Release\InjectionCore.dll.intermediate.manifest
       FinalizeBuildStatus:
         Deleting file "Release\InjectionCore.unsuccessfulbuild".
         Touching "Release\InjectionCore.lastbuildstate".
     1>Done Building Project "D:\GameHack\Base & Tools\Base\VS2010\XFilesHack\InjectionCore\InjectionCore.vcxproj" (build target(s)).

Build succeeded.

Time Elapsed 00:00:02.64
