D:\GAMEHACK\BASE & TOOLS\BASE\VS2010\XFILESHACK\RELEASE\XFILESHACK.EXE
D:\GAMEHACK\BASE & TOOLS\BASE\VS2010\XFILESHACK\RELEASE\XFILESHACK.MAP
D:\GAMEHACK\BASE & TOOLS\BASE\VS2010\XFILESHACK\RELEASE\XFILESHACK.PDB
D:\GAMEHACK\BASE & TOOLS\BASE\VS2010\XFILESHACK\XFILESHACK\RELEASE\.NETFRAMEWORK,VERSION=V4.0.ASSEMBLYATTRIBUTES.OBJ
D:\GAMEHACK\BASE & TOOLS\BASE\VS2010\XFILESHACK\XFILESHACK\RELEASE\APP.RES
D:\GAMEHACK\BASE & TOOLS\BASE\VS2010\XFILESHACK\XFILESHACK\RELEASE\ASSEMBLYINFO.OBJ
D:\GameHack\Base & Tools\Base\VS2010\XFilesHack\XFilesHack\Release\cl.command.1.tlog
D:\GameHack\Base & Tools\Base\VS2010\XFilesHack\XFilesHack\Release\CL.read.1.tlog
D:\GameHack\Base & Tools\Base\VS2010\XFilesHack\XFilesHack\Release\CL.write.1.tlog
D:\GameHack\Base & Tools\Base\VS2010\XFilesHack\XFilesHack\Release\link.command.1.tlog
D:\GameHack\Base & Tools\Base\VS2010\XFilesHack\XFilesHack\Release\link.read.1.tlog
D:\GameHack\Base & Tools\Base\VS2010\XFilesHack\XFilesHack\Release\link.write.1.tlog
D:\GameHack\Base & Tools\Base\VS2010\XFilesHack\XFilesHack\Release\link-cvtres.read.1.tlog
D:\GameHack\Base & Tools\Base\VS2010\XFilesHack\XFilesHack\Release\link-cvtres.write.1.tlog
D:\GameHack\Base & Tools\Base\VS2010\XFilesHack\XFilesHack\Release\mt.command.1.tlog
D:\GameHack\Base & Tools\Base\VS2010\XFilesHack\XFilesHack\Release\mt.read.1.tlog
D:\GameHack\Base & Tools\Base\VS2010\XFilesHack\XFilesHack\Release\mt.write.1.tlog
D:\GameHack\Base & Tools\Base\VS2010\XFilesHack\XFilesHack\Release\rc.command.1.tlog
D:\GameHack\Base & Tools\Base\VS2010\XFilesHack\XFilesHack\Release\rc.read.1.tlog
D:\GameHack\Base & Tools\Base\VS2010\XFilesHack\XFilesHack\Release\rc.write.1.tlog
D:\GAMEHACK\BASE & TOOLS\BASE\VS2010\XFILESHACK\XFILESHACK\RELEASE\STDAFX.OBJ
D:\GAMEHACK\BASE & TOOLS\BASE\VS2010\XFILESHACK\XFILESHACK\RELEASE\VC100.PDB
D:\GAMEHACK\BASE & TOOLS\BASE\VS2010\XFILESHACK\XFILESHACK\RELEASE\XFILESHACK.EXE.INTERMEDIATE.MANIFEST
D:\GameHack\Base & Tools\Base\VS2010\XFilesHack\XFilesHack\Release\XFilesHack.Form1.resources
D:\GameHack\Base & Tools\Base\VS2010\XFilesHack\XFilesHack\Release\XFilesHack.FormLogin.resources
D:\GameHack\Base & Tools\Base\VS2010\XFilesHack\XFilesHack\Release\XFilesHack.FormSelectGame.resources
D:\GameHack\Base & Tools\Base\VS2010\XFilesHack\XFilesHack\Release\XFilesHack.FormUpdate.resources
D:\GAMEHACK\BASE & TOOLS\BASE\VS2010\XFILESHACK\XFILESHACK\RELEASE\XFILESHACK.OBJ
D:\GAMEHACK\BASE & TOOLS\BASE\VS2010\XFILESHACK\XFILESHACK\RELEASE\XFILESHACK.PCH
D:\GameHack\Base & Tools\Base\VS2010\XFilesHack\XFilesHack\Release\XFilesHack.vcxproj.GenerateResource.Cache
D:\GameHack\Base & Tools\Base\VS2010\XFilesHack\XFilesHack\Release\XFilesHack.vcxprojResolveAssemblyReference.cache
D:\GameHack\Base & Tools\Base\VS2010\XFilesHack\XFilesHack\Release\XFilesHack.write.1.tlog
